Not enough permission to place log file at /var/log/archinstall/install.log, creating it in /home/tokard/vulperon/vulperonv3/airootfs/root/.install-scripts/install.log instead
Hardware model detected: Gigabyte Technology Co., Ltd. B550 GAMING X; UEFI mode: True
Processor model detected: AMD Ryzen 5 5600X 6-Core Processor
Memory statistics: 18278220 available out of 32796272 total installed
Could not detect virtual system: ['/usr/bin/systemd-detect-virt'] exited with abnormal exit code [1]: none

System is not running in a VM: ['/usr/bin/systemd-detect-virt'] exited with abnormal exit code [1]: none

Virtualization detected: None; is VM: False
Graphics devices detected: dict_keys(['NVIDIA Corporation GA104 [GeForce RTX 3070] (rev a1)'])
Disk states before installing:
{
    "blockdevices": [
        {
            "name": "sda",
            "path": "/dev/sda",
            "pkname": null,
            "log_sec": 512,
            "size": "238475 MiB",
            "pttype": "gpt",
            "ptuuid": "281d6e01-a91b-474d-8e6e-f9e2e3e8669c",
            "rota": false,
            "tran": "sata",
            "partn": null,
            "partuuid": null,
            "parttype": null,
            "uuid": null,
            "fstype": null,
            "fsver": null,
            "fsavail": null,
            "fsuse_percentage": null,
            "type": "disk",
            "mountpoint": null,
            "mountpoints": [],
            "fsroots": [],
            "children": [
                {
                    "name": "sda1",
                    "path": "/dev/sda1",
                    "pkname": "sda",
                    "log_sec": 512,
                    "size": "238474 MiB",
                    "pttype": "gpt",
                    "ptuuid": "281d6e01-a91b-474d-8e6e-f9e2e3e8669c",
                    "rota": false,
                    "tran": null,
                    "partn": 1,
                    "partuuid": "eb79fcf0-ec94-48b7-9083-f7f23bd6c3d0",
                    "parttype": "0fc63daf-8483-4772-8e79-3d69d8477de4",
                    "uuid": "9997b21b-09e7-4429-840c-3a536b64dd6f",
                    "fstype": "ext4",
                    "fsver": "1.0",
                    "fsavail": null,
                    "fsuse_percentage": null,
                    "type": "part",
                    "mountpoint": null,
                    "mountpoints": [],
                    "fsroots": [],
                    "children": []
                }
            ]
        },
        {
            "name": "sdb",
            "path": "/dev/sdb",
            "pkname": null,
            "log_sec": 512,
            "size": "476940 MiB",
            "pttype": "gpt",
            "ptuuid": "e6623254-513d-479f-83b3-a4b20121dba3",
            "rota": false,
            "tran": "sata",
            "partn": null,
            "partuuid": null,
            "parttype": null,
            "uuid": null,
            "fstype": null,
            "fsver": null,
            "fsavail": null,
            "fsuse_percentage": null,
            "type": "disk",
            "mountpoint": null,
            "mountpoints": [],
            "fsroots": [],
            "children": [
                {
                    "name": "sdb1",
                    "path": "/dev/sdb1",
                    "pkname": "sdb",
                    "log_sec": 512,
                    "size": "16 MiB",
                    "pttype": "gpt",
                    "ptuuid": "e6623254-513d-479f-83b3-a4b20121dba3",
                    "rota": false,
                    "tran": null,
                    "partn": 1,
                    "partuuid": "d77453e5-c4a8-44c0-8292-f9ceba1fe9fb",
                    "parttype": "e3c9e316-0b5c-4db8-817d-f92df00215ae",
                    "uuid": null,
                    "fstype": null,
                    "fsver": null,
                    "fsavail": null,
                    "fsuse_percentage": null,
                    "type": "part",
                    "mountpoint": null,
                    "mountpoints": [],
                    "fsroots": [],
                    "children": []
                },
                {
                    "name": "sdb2",
                    "path": "/dev/sdb2",
                    "pkname": "sdb",
                    "log_sec": 512,
                    "size": "476280 MiB",
                    "pttype": "gpt",
                    "ptuuid": "e6623254-513d-479f-83b3-a4b20121dba3",
                    "rota": false,
                    "tran": null,
                    "partn": 2,
                    "partuuid": "5d48c8a9-44b0-4b74-bd74-7ad2f778a595",
                    "parttype": "ebd0a0a2-b9e5-4433-87c0-68b6b72699c7",
                    "uuid": "041C9CA11C9C8EF4",
                    "fstype": "ntfs",
                    "fsver": null,
                    "fsavail": null,
                    "fsuse_percentage": null,
                    "type": "part",
                    "mountpoint": null,
                    "mountpoints": [],
                    "fsroots": [],
                    "children": []
                },
                {
                    "name": "sdb3",
                    "path": "/dev/sdb3",
                    "pkname": "sdb",
                    "log_sec": 512,
                    "size": "642 MiB",
                    "pttype": "gpt",
                    "ptuuid": "e6623254-513d-479f-83b3-a4b20121dba3",
                    "rota": false,
                    "tran": null,
                    "partn": 3,
                    "partuuid": "e597b91d-1c59-4f75-b954-2c81e56e0d27",
                    "parttype": "de94bba4-06d1-4d40-a16a-bfd50179d6ac",
                    "uuid": "9CBCF6E7BCF6BB3A",
                    "fstype": "ntfs",
                    "fsver": null,
                    "fsavail": null,
                    "fsuse_percentage": null,
                    "type": "part",
                    "mountpoint": null,
                    "mountpoints": [],
                    "fsroots": [],
                    "children": []
                }
            ]
        },
        {
            "name": "sdc",
            "path": "/dev/sdc",
            "pkname": null,
            "log_sec": 512,
            "size": "476940 MiB",
            "pttype": "gpt",
            "ptuuid": "3249f140-4a0a-4458-88ce-e899bdda0a45",
            "rota": false,
            "tran": "sata",
            "partn": null,
            "partuuid": null,
            "parttype": null,
            "uuid": null,
            "fstype": null,
            "fsver": null,
            "fsavail": null,
            "fsuse_percentage": null,
            "type": "disk",
            "mountpoint": null,
            "mountpoints": [],
            "fsroots": [],
            "children": [
                {
                    "name": "sdc1",
                    "path": "/dev/sdc1",
                    "pkname": "sdc",
                    "log_sec": 512,
                    "size": "476938 MiB",
                    "pttype": "gpt",
                    "ptuuid": "3249f140-4a0a-4458-88ce-e899bdda0a45",
                    "rota": false,
                    "tran": null,
                    "partn": 1,
                    "partuuid": "c3ff415d-54e3-4a13-bde9-6d93ab48b7f5",
                    "parttype": "ebd0a0a2-b9e5-4433-87c0-68b6b72699c7",
                    "uuid": "D60842A708428709",
                    "fstype": "ntfs",
                    "fsver": null,
                    "fsavail": null,
                    "fsuse_percentage": null,
                    "type": "part",
                    "mountpoint": null,
                    "mountpoints": [],
                    "fsroots": [],
                    "children": []
                }
            ]
        },
        {
            "name": "sdd",
            "path": "/dev/sdd",
            "pkname": null,
            "log_sec": 512,
            "size": "476940 MiB",
            "pttype": "dos",
            "ptuuid": "ee27a036",
            "rota": true,
            "tran": "sata",
            "partn": null,
            "partuuid": null,
            "parttype": null,
            "uuid": null,
            "fstype": null,
            "fsver": null,
            "fsavail": null,
            "fsuse_percentage": null,
            "type": "disk",
            "mountpoint": null,
            "mountpoints": [],
            "fsroots": [],
            "children": [
                {
                    "name": "sdd1",
                    "path": "/dev/sdd1",
                    "pkname": "sdd",
                    "log_sec": 512,
                    "size": "476937 MiB",
                    "pttype": "dos",
                    "ptuuid": "ee27a036",
                    "rota": true,
                    "tran": null,
                    "partn": 1,
                    "partuuid": "ee27a036-01",
                    "parttype": "0x7",
                    "uuid": "34A217D3A2179886",
                    "fstype": "ntfs",
                    "fsver": null,
                    "fsavail": null,
                    "fsuse_percentage": null,
                    "type": "part",
                    "mountpoint": null,
                    "mountpoints": [],
                    "fsroots": [],
                    "children": []
                }
            ]
        },
        {
            "name": "nvme0n1",
            "path": "/dev/nvme0n1",
            "pkname": null,
            "log_sec": 512,
            "size": "476940 MiB",
            "pttype": "gpt",
            "ptuuid": "1ba5612f-2429-47f0-bb4e-8568a2a7d898",
            "rota": false,
            "tran": "nvme",
            "partn": null,
            "partuuid": null,
            "parttype": null,
            "uuid": null,
            "fstype": null,
            "fsver": null,
            "fsavail": null,
            "fsuse_percentage": null,
            "type": "disk",
            "mountpoint": null,
            "mountpoints": [],
            "fsroots": [],
            "children": [
                {
                    "name": "nvme0n1p1",
                    "path": "/dev/nvme0n1p1",
                    "pkname": "nvme0n1",
                    "log_sec": 512,
                    "size": "476938 MiB",
                    "pttype": "gpt",
                    "ptuuid": "1ba5612f-2429-47f0-bb4e-8568a2a7d898",
                    "rota": false,
                    "tran": "nvme",
                    "partn": 1,
                    "partuuid": "020dbd3b-1be2-4ce4-bf40-ae60e47e6fdf",
                    "parttype": "ebd0a0a2-b9e5-4433-87c0-68b6b72699c7",
                    "uuid": "70A278D5A278A170",
                    "fstype": "ntfs",
                    "fsver": null,
                    "fsavail": null,
                    "fsuse_percentage": null,
                    "type": "part",
                    "mountpoint": null,
                    "mountpoints": [],
                    "fsroots": [],
                    "children": []
                }
            ]
        },
        {
            "name": "nvme1n1",
            "path": "/dev/nvme1n1",
            "pkname": null,
            "log_sec": 512,
            "size": "953869 MiB",
            "pttype": "gpt",
            "ptuuid": "27945290-04ca-4daa-a491-c2644e419727",
            "rota": false,
            "tran": "nvme",
            "partn": null,
            "partuuid": null,
            "parttype": null,
            "uuid": null,
            "fstype": null,
            "fsver": null,
            "fsavail": null,
            "fsuse_percentage": null,
            "type": "disk",
            "mountpoint": null,
            "mountpoints": [],
            "fsroots": [],
            "children": [
                {
                    "name": "nvme1n1p1",
                    "path": "/dev/nvme1n1p1",
                    "pkname": "nvme1n1",
                    "log_sec": 512,
                    "size": "512 MiB",
                    "pttype": "gpt",
                    "ptuuid": "27945290-04ca-4daa-a491-c2644e419727",
                    "rota": false,
                    "tran": "nvme",
                    "partn": 1,
                    "partuuid": "f2eceb94-c371-4d39-bcd9-13e950c223d0",
                    "parttype": "c12a7328-f81f-11d2-ba4b-00a0c93ec93b",
                    "uuid": "ED34-F553",
                    "fstype": "vfat",
                    "fsver": "FAT32",
                    "fsavail": 485810176,
                    "fsuse_percentage": "9%",
                    "type": "part",
                    "mountpoint": "/boot/efi",
                    "mountpoints": [
                        "/boot/efi"
                    ],
                    "fsroots": [
                        "/"
                    ],
                    "children": []
                },
                {
                    "name": "nvme1n1p2",
                    "path": "/dev/nvme1n1p2",
                    "pkname": "nvme1n1",
                    "log_sec": 512,
                    "size": "1024 MiB",
                    "pttype": "gpt",
                    "ptuuid": "27945290-04ca-4daa-a491-c2644e419727",
                    "rota": false,
                    "tran": "nvme",
                    "partn": 2,
                    "partuuid": "3705b932-88c9-42bf-a3b0-c1e8979c8d36",
                    "parttype": "0fc63daf-8483-4772-8e79-3d69d8477de4",
                    "uuid": "56e7c716-4b3e-4087-8e3f-4b3f7e1d71ec",
                    "fstype": "ext4",
                    "fsver": "1.0",
                    "fsavail": 740098048,
                    "fsuse_percentage": "21%",
                    "type": "part",
                    "mountpoint": "/boot",
                    "mountpoints": [
                        "/boot"
                    ],
                    "fsroots": [
                        "/"
                    ],
                    "children": []
                },
                {
                    "name": "nvme1n1p3",
                    "path": "/dev/nvme1n1p3",
                    "pkname": "nvme1n1",
                    "log_sec": 512,
                    "size": "32768 MiB",
                    "pttype": "gpt",
                    "ptuuid": "27945290-04ca-4daa-a491-c2644e419727",
                    "rota": false,
                    "tran": "nvme",
                    "partn": 3,
                    "partuuid": "04474143-0dd9-41f2-8459-fab30dfb2451",
                    "parttype": "0657fd6d-a4ab-43c4-84e5-0933c84b4f4f",
                    "uuid": "58f5d4d9-b2ad-43a5-af0d-081de287fa95",
                    "fstype": "swap",
                    "fsver": "1",
                    "fsavail": null,
                    "fsuse_percentage": null,
                    "type": "part",
                    "mountpoint": "[SWAP]",
                    "mountpoints": [
                        "[SWAP]"
                    ],
                    "fsroots": [],
                    "children": []
                },
                {
                    "name": "nvme1n1p4",
                    "path": "/dev/nvme1n1p4",
                    "pkname": "nvme1n1",
                    "log_sec": 512,
                    "size": "919564 MiB",
                    "pttype": "gpt",
                    "ptuuid": "27945290-04ca-4daa-a491-c2644e419727",
                    "rota": false,
                    "tran": "nvme",
                    "partn": 4,
                    "partuuid": "cdbf1d69-7a9c-4d36-a748-91693e4225b5",
                    "parttype": "0fc63daf-8483-4772-8e79-3d69d8477de4",
                    "uuid": "982d9cdd-c40b-47c3-bc77-a9d97fcd8226",
                    "fstype": "ext4",
                    "fsver": "1.0",
                    "fsavail": 609883676672,
                    "fsuse_percentage": "31%",
                    "type": "part",
                    "mountpoint": "/",
                    "mountpoints": [
                        "/"
                    ],
                    "fsroots": [
                        "/"
                    ],
                    "children": []
                }
            ]
        }
    ]
}
